Last update: Wed Jan 21 22:29:09 UTC 2026
Updated on Wed Jan 21 22:47:21 UTC 2026
Updated on Thu Jan 22 03:58:05 UTC 2026
Updated on Thu Jan 22 05:52:33 UTC 2026
Updated on Thu Jan 22 08:54:46 UTC 2026
Updated on Thu Jan 22 11:45:25 UTC 2026
Updated on Thu Jan 22 14:55:51 UTC 2026
Updated on Fri Jan 23 03:52:59 UTC 2026
Updated on Fri Jan 23 05:51:03 UTC 2026
Updated on Fri Jan 23 08:51:07 UTC 2026
Updated on Fri Jan 23 11:43:33 UTC 2026
Updated on Fri Jan 23 14:52:07 UTC 2026
Updated on Sat Jan 24 03:47:16 UTC 2026
Updated on Sat Jan 24 05:45:32 UTC 2026
Updated on Sat Jan 24 08:46:02 UTC 2026
Updated on Sat Jan 24 11:39:12 UTC 2026
Updated on Sat Jan 24 14:43:32 UTC 2026
Updated on Sun Jan 25 04:04:38 UTC 2026
Updated on Sun Jan 25 05:50:30 UTC 2026
Updated on Sun Jan 25 08:46:18 UTC 2026
Updated on Sun Jan 25 11:39:35 UTC 2026
Updated on Sun Jan 25 14:43:17 UTC 2026
Updated on Mon Jan 26 04:07:27 UTC 2026
Updated on Mon Jan 26 05:54:44 UTC 2026
Updated on Mon Jan 26 08:54:20 UTC 2026
Updated on Mon Jan 26 11:43:04 UTC 2026
Updated on Mon Jan 26 14:54:40 UTC 2026
Updated on Tue Jan 27 03:57:07 UTC 2026
Updated on Tue Jan 27 05:51:03 UTC 2026
Updated on Tue Jan 27 08:54:04 UTC 2026
Updated on Tue Jan 27 11:45:38 UTC 2026
Updated on Tue Jan 27 14:57:27 UTC 2026
Updated on Wed Jan 28 03:55:18 UTC 2026
Updated on Wed Jan 28 05:52:21 UTC 2026
Updated on Wed Jan 28 08:54:25 UTC 2026
Updated on Wed Jan 28 11:44:58 UTC 2026
Updated on Wed Jan 28 14:57:01 UTC 2026
Updated on Thu Jan 29 04:17:36 UTC 2026
Updated on Thu Jan 29 06:05:17 UTC 2026
Updated on Thu Jan 29 09:03:43 UTC 2026
Updated on Thu Jan 29 11:52:49 UTC 2026
Updated on Thu Jan 29 15:05:09 UTC 2026
Updated on Fri Jan 30 04:20:09 UTC 2026
Updated on Fri Jan 30 06:06:49 UTC 2026
Updated on Fri Jan 30 09:02:55 UTC 2026
Updated on Fri Jan 30 11:50:21 UTC 2026
Updated on Fri Jan 30 15:02:12 UTC 2026
Updated on Sat Jan 31 04:15:08 UTC 2026
Updated on Sat Jan 31 06:00:07 UTC 2026
Updated on Sat Jan 31 08:50:21 UTC 2026
Updated on Sat Jan 31 11:43:31 UTC 2026
Updated on Sat Jan 31 14:50:17 UTC 2026
Updated on Sun Feb  1 04:39:36 UTC 2026
Updated on Sun Feb  1 06:11:44 UTC 2026
Updated on Sun Feb  1 08:53:22 UTC 2026
Updated on Sun Feb  1 11:44:15 UTC 2026
Updated on Sun Feb  1 14:52:13 UTC 2026
Updated on Mon Feb  2 04:34:52 UTC 2026
Updated on Mon Feb  2 06:38:29 UTC 2026
Updated on Mon Feb  2 09:06:44 UTC 2026
Updated on Mon Feb  2 11:56:31 UTC 2026
Updated on Mon Feb  2 15:07:11 UTC 2026
Updated on Tue Feb  3 04:25:58 UTC 2026
Updated on Tue Feb  3 06:10:45 UTC 2026
Updated on Tue Feb  3 09:02:10 UTC 2026
Updated on Tue Feb  3 11:56:55 UTC 2026
Updated on Tue Feb  3 15:10:09 UTC 2026
Updated on Wed Feb  4 04:19:31 UTC 2026
Updated on Wed Feb  4 06:08:46 UTC 2026
Updated on Wed Feb  4 09:04:48 UTC 2026
Updated on Wed Feb  4 11:54:45 UTC 2026
Updated on Wed Feb  4 15:07:36 UTC 2026
Updated on Thu Feb  5 04:26:06 UTC 2026
Updated on Thu Feb  5 06:32:21 UTC 2026
Updated on Thu Feb  5 09:06:00 UTC 2026
Updated on Thu Feb  5 11:56:47 UTC 2026
Updated on Thu Feb  5 15:09:52 UTC 2026
Updated on Fri Feb  6 04:26:00 UTC 2026
Updated on Fri Feb  6 06:12:19 UTC 2026
Updated on Fri Feb  6 09:05:29 UTC 2026
Updated on Fri Feb  6 11:54:43 UTC 2026
Updated on Fri Feb  6 15:07:19 UTC 2026
Updated on Sat Feb  7 04:17:59 UTC 2026
Updated on Sat Feb  7 06:02:53 UTC 2026
Updated on Sat Feb  7 08:52:59 UTC 2026
Updated on Sat Feb  7 11:45:17 UTC 2026
Updated on Sat Feb  7 14:51:49 UTC 2026
Updated on Sun Feb  8 04:42:06 UTC 2026
Updated on Sun Feb  8 06:11:55 UTC 2026
Updated on Sun Feb  8 08:54:32 UTC 2026
Updated on Sun Feb  8 11:45:43 UTC 2026
Updated on Sun Feb  8 14:53:46 UTC 2026
Updated on Mon Feb  9 04:37:34 UTC 2026
Updated on Mon Feb  9 06:42:00 UTC 2026
Updated on Mon Feb  9 09:13:00 UTC 2026
Updated on Mon Feb  9 12:03:41 UTC 2026
Updated on Mon Feb  9 15:30:27 UTC 2026
Updated on Tue Feb 10 04:41:24 UTC 2026
Updated on Tue Feb 10 06:43:27 UTC 2026
Updated on Tue Feb 10 09:15:28 UTC 2026
Updated on Tue Feb 10 12:05:22 UTC 2026
Updated on Tue Feb 10 15:42:02 UTC 2026
Updated on Wed Feb 11 04:40:03 UTC 2026
Updated on Wed Feb 11 06:40:05 UTC 2026
Updated on Wed Feb 11 09:11:22 UTC 2026
Updated on Wed Feb 11 12:03:41 UTC 2026
Updated on Wed Feb 11 15:33:12 UTC 2026
Updated on Thu Feb 12 04:34:51 UTC 2026
Updated on Thu Feb 12 06:38:56 UTC 2026
Updated on Thu Feb 12 09:09:39 UTC 2026
Updated on Thu Feb 12 12:01:22 UTC 2026
Updated on Thu Feb 12 15:13:52 UTC 2026
Updated on Fri Feb 13 04:32:29 UTC 2026
Updated on Fri Feb 13 06:35:24 UTC 2026
Updated on Fri Feb 13 09:06:03 UTC 2026
Updated on Fri Feb 13 11:53:40 UTC 2026
Updated on Fri Feb 13 15:08:07 UTC 2026
Updated on Sat Feb 14 04:20:20 UTC 2026
Updated on Sat Feb 14 06:05:20 UTC 2026
Updated on Sat Feb 14 08:53:58 UTC 2026
Updated on Sat Feb 14 11:45:44 UTC 2026
Updated on Sat Feb 14 14:52:58 UTC 2026
Updated on Sun Feb 15 04:33:15 UTC 2026
Updated on Sun Feb 15 06:12:39 UTC 2026
Updated on Sun Feb 15 08:54:30 UTC 2026
Updated on Sun Feb 15 11:45:52 UTC 2026
Updated on Sun Feb 15 14:53:07 UTC 2026
Updated on Mon Feb 16 04:36:39 UTC 2026
Updated on Mon Feb 16 06:40:16 UTC 2026
Updated on Mon Feb 16 09:09:46 UTC 2026
Updated on Mon Feb 16 11:59:15 UTC 2026
Updated on Mon Feb 16 15:07:53 UTC 2026
Updated on Tue Feb 17 04:30:06 UTC 2026
Updated on Tue Feb 17 06:33:00 UTC 2026
Updated on Tue Feb 17 09:09:01 UTC 2026
Updated on Tue Feb 17 11:59:42 UTC 2026
Updated on Tue Feb 17 15:12:50 UTC 2026
Updated on Wed Feb 18 04:31:55 UTC 2026
Updated on Wed Feb 18 06:38:45 UTC 2026
Updated on Wed Feb 18 09:07:46 UTC 2026
Updated on Wed Feb 18 12:00:07 UTC 2026
Updated on Wed Feb 18 15:12:21 UTC 2026
Updated on Thu Feb 19 04:30:44 UTC 2026
Updated on Thu Feb 19 06:36:19 UTC 2026
Updated on Thu Feb 19 09:07:31 UTC 2026
Updated on Thu Feb 19 12:00:05 UTC 2026
Updated on Thu Feb 19 15:12:56 UTC 2026
Updated on Fri Feb 20 04:25:57 UTC 2026
Updated on Fri Feb 20 06:12:53 UTC 2026
Updated on Fri Feb 20 09:02:43 UTC 2026
Updated on Fri Feb 20 11:53:17 UTC 2026
Updated on Fri Feb 20 15:06:47 UTC 2026
Updated on Sat Feb 21 04:16:13 UTC 2026
Updated on Sat Feb 21 06:02:17 UTC 2026
Updated on Sat Feb 21 08:52:30 UTC 2026
Updated on Sat Feb 21 11:45:12 UTC 2026
Updated on Sat Feb 21 14:51:49 UTC 2026
Updated on Sun Feb 22 04:29:05 UTC 2026
Updated on Sun Feb 22 06:09:09 UTC 2026
Updated on Sun Feb 22 08:53:02 UTC 2026
Updated on Sun Feb 22 11:45:00 UTC 2026
Updated on Sun Feb 22 14:52:15 UTC 2026
Updated on Mon Feb 23 04:35:13 UTC 2026
Updated on Mon Feb 23 06:41:12 UTC 2026
Updated on Mon Feb 23 09:10:20 UTC 2026
Updated on Mon Feb 23 11:59:13 UTC 2026
Updated on Mon Feb 23 15:13:14 UTC 2026
Updated on Tue Feb 24 04:29:12 UTC 2026
Updated on Tue Feb 24 06:35:24 UTC 2026
Updated on Tue Feb 24 09:10:53 UTC 2026
Updated on Tue Feb 24 12:01:06 UTC 2026
Updated on Tue Feb 24 15:30:50 UTC 2026
Updated on Wed Feb 25 04:30:55 UTC 2026
Updated on Wed Feb 25 06:40:03 UTC 2026
Updated on Wed Feb 25 09:11:14 UTC 2026
Updated on Wed Feb 25 11:59:47 UTC 2026
Updated on Wed Feb 25 15:31:49 UTC 2026
Updated on Thu Feb 26 04:27:19 UTC 2026
Updated on Thu Feb 26 06:34:12 UTC 2026
Updated on Thu Feb 26 09:08:58 UTC 2026
Updated on Thu Feb 26 11:59:56 UTC 2026
Updated on Thu Feb 26 15:12:41 UTC 2026
Updated on Fri Feb 27 04:23:51 UTC 2026
Updated on Fri Feb 27 06:10:46 UTC 2026
Updated on Fri Feb 27 09:03:12 UTC 2026
Updated on Fri Feb 27 11:52:56 UTC 2026
Updated on Fri Feb 27 15:05:19 UTC 2026
Updated on Sat Feb 28 04:05:51 UTC 2026
Updated on Sat Feb 28 05:56:05 UTC 2026
Updated on Sat Feb 28 08:47:50 UTC 2026
Updated on Sat Feb 28 11:41:30 UTC 2026
Updated on Sat Feb 28 14:47:04 UTC 2026
Updated on Sun Mar  1 04:33:00 UTC 2026
Updated on Sun Mar  1 06:07:29 UTC 2026
Updated on Sun Mar  1 08:51:11 UTC 2026
Updated on Sun Mar  1 11:42:40 UTC 2026
Updated on Sun Mar  1 14:48:50 UTC 2026
Updated on Mon Mar  2 04:25:29 UTC 2026
Updated on Mon Mar  2 06:10:45 UTC 2026
Updated on Mon Mar  2 09:04:45 UTC 2026
Updated on Mon Mar  2 11:52:26 UTC 2026
Updated on Mon Mar  2 15:06:00 UTC 2026
Updated on Tue Mar  3 04:25:18 UTC 2026
Updated on Tue Mar  3 06:08:36 UTC 2026
Updated on Tue Mar  3 09:04:13 UTC 2026
Updated on Tue Mar  3 11:53:36 UTC 2026
Updated on Tue Mar  3 15:11:20 UTC 2026
Updated on Wed Mar  4 04:18:56 UTC 2026
Updated on Wed Mar  4 06:04:54 UTC 2026
Updated on Wed Mar  4 09:00:59 UTC 2026
Updated on Wed Mar  4 11:51:58 UTC 2026
Updated on Wed Mar  4 15:04:22 UTC 2026
Updated on Thu Mar  5 04:22:53 UTC 2026
Updated on Thu Mar  5 06:07:26 UTC 2026
Updated on Thu Mar  5 09:04:39 UTC 2026
Updated on Thu Mar  5 11:55:11 UTC 2026
Updated on Thu Mar  5 15:11:54 UTC 2026
Updated on Fri Mar  6 04:19:38 UTC 2026
Updated on Fri Mar  6 06:05:17 UTC 2026
Updated on Fri Mar  6 09:00:19 UTC 2026
Updated on Fri Mar  6 11:51:15 UTC 2026
Updated on Fri Mar  6 15:04:06 UTC 2026
Updated on Sat Mar  7 04:10:58 UTC 2026
Updated on Sat Mar  7 05:59:07 UTC 2026
Updated on Sat Mar  7 08:51:00 UTC 2026
Updated on Sat Mar  7 11:43:01 UTC 2026
Updated on Sat Mar  7 14:49:20 UTC 2026
Updated on Sun Mar  8 04:22:28 UTC 2026
Updated on Sun Mar  8 06:03:08 UTC 2026
Updated on Sun Mar  8 08:51:46 UTC 2026
Updated on Sun Mar  8 11:44:06 UTC 2026
Updated on Sun Mar  8 14:49:45 UTC 2026
Updated on Mon Mar  9 04:28:57 UTC 2026
Updated on Mon Mar  9 06:36:11 UTC 2026
Updated on Mon Mar  9 09:05:12 UTC 2026
Updated on Mon Mar  9 11:55:51 UTC 2026
Updated on Mon Mar  9 15:30:19 UTC 2026
Updated on Tue Mar 10 04:20:34 UTC 2026
Updated on Tue Mar 10 06:05:27 UTC 2026
Updated on Tue Mar 10 09:04:57 UTC 2026
Updated on Tue Mar 10 11:54:39 UTC 2026
Updated on Tue Mar 10 15:29:52 UTC 2026
Updated on Wed Mar 11 04:20:48 UTC 2026
Updated on Wed Mar 11 06:07:58 UTC 2026
Updated on Wed Mar 11 09:03:56 UTC 2026
Updated on Wed Mar 11 11:54:51 UTC 2026
Updated on Wed Mar 11 15:11:41 UTC 2026
Updated on Thu Mar 12 04:24:15 UTC 2026
Updated on Thu Mar 12 06:10:31 UTC 2026
Updated on Thu Mar 12 09:04:59 UTC 2026
Updated on Thu Mar 12 11:48:44 UTC 2026
Updated on Thu Mar 12 15:28:42 UTC 2026
Updated on Fri Mar 13 04:23:08 UTC 2026
Updated on Fri Mar 13 06:08:44 UTC 2026
Updated on Fri Mar 13 09:02:25 UTC 2026
Updated on Fri Mar 13 11:52:40 UTC 2026
Updated on Fri Mar 13 15:08:11 UTC 2026
Updated on Sat Mar 14 04:20:53 UTC 2026
Updated on Sat Mar 14 06:05:29 UTC 2026
Updated on Sat Mar 14 08:56:06 UTC 2026
Updated on Sat Mar 14 11:46:40 UTC 2026
Updated on Sat Mar 14 14:53:15 UTC 2026
Updated on Sun Mar 15 04:43:00 UTC 2026
Updated on Sun Mar 15 06:33:12 UTC 2026
Updated on Sun Mar 15 08:59:15 UTC 2026
Updated on Sun Mar 15 11:48:02 UTC 2026
Updated on Sun Mar 15 14:55:14 UTC 2026
Updated on Mon Mar 16 05:02:58 UTC 2026
Updated on Mon Mar 16 06:52:27 UTC 2026
Updated on Mon Mar 16 09:36:46 UTC 2026
Updated on Mon Mar 16 12:03:43 UTC 2026
Updated on Mon Mar 16 15:39:06 UTC 2026
Updated on Tue Mar 17 04:28:29 UTC 2026
Updated on Tue Mar 17 06:39:46 UTC 2026
Updated on Tue Mar 17 09:11:41 UTC 2026
Updated on Tue Mar 17 12:01:45 UTC 2026
Updated on Tue Mar 17 15:37:25 UTC 2026
Updated on Wed Mar 18 04:34:04 UTC 2026
Updated on Wed Mar 18 06:39:29 UTC 2026
Updated on Wed Mar 18 09:10:37 UTC 2026
Updated on Wed Mar 18 12:04:30 UTC 2026
Updated on Wed Mar 18 15:47:31 UTC 2026
Updated on Thu Mar 19 04:33:40 UTC 2026
Updated on Thu Mar 19 06:34:34 UTC 2026
Updated on Thu Mar 19 09:05:55 UTC 2026
Updated on Thu Mar 19 11:57:22 UTC 2026
Updated on Thu Mar 19 15:11:38 UTC 2026
Updated on Fri Mar 20 04:24:21 UTC 2026
Updated on Fri Mar 20 06:11:16 UTC 2026
Updated on Fri Mar 20 09:02:46 UTC 2026
Updated on Fri Mar 20 11:52:34 UTC 2026
Updated on Fri Mar 20 15:09:17 UTC 2026
Updated on Sat Mar 21 04:15:43 UTC 2026
Updated on Sat Mar 21 06:01:22 UTC 2026
Updated on Sat Mar 21 08:53:53 UTC 2026
Updated on Sat Mar 21 11:45:35 UTC 2026
Updated on Sat Mar 21 14:52:22 UTC 2026
Updated on Sun Mar 22 04:31:22 UTC 2026
Updated on Sun Mar 22 06:10:52 UTC 2026
Updated on Sun Mar 22 08:55:19 UTC 2026
Updated on Sun Mar 22 11:46:24 UTC 2026
Updated on Sun Mar 22 14:53:07 UTC 2026
Updated on Mon Mar 23 04:39:37 UTC 2026
Updated on Mon Mar 23 06:47:10 UTC 2026
Updated on Mon Mar 23 09:33:23 UTC 2026
Updated on Mon Mar 23 12:02:13 UTC 2026
Updated on Mon Mar 23 15:35:01 UTC 2026
Updated on Tue Mar 24 04:29:49 UTC 2026
Updated on Tue Mar 24 06:39:07 UTC 2026
Updated on Tue Mar 24 09:11:50 UTC 2026
Updated on Tue Mar 24 12:03:03 UTC 2026
Updated on Tue Mar 24 15:41:45 UTC 2026
Updated on Wed Mar 25 04:31:41 UTC 2026
Updated on Wed Mar 25 06:38:55 UTC 2026
Updated on Wed Mar 25 09:12:00 UTC 2026
Updated on Wed Mar 25 12:02:29 UTC 2026
Updated on Wed Mar 25 15:44:03 UTC 2026
Updated on Thu Mar 26 04:43:58 UTC 2026
Updated on Thu Mar 26 06:45:12 UTC 2026
Updated on Thu Mar 26 09:31:03 UTC 2026
Updated on Thu Mar 26 12:06:17 UTC 2026
Updated on Thu Mar 26 15:50:21 UTC 2026
Updated on Fri Mar 27 04:55:10 UTC 2026
Updated on Fri Mar 27 06:45:32 UTC 2026
Updated on Fri Mar 27 09:11:02 UTC 2026
Updated on Fri Mar 27 12:02:33 UTC 2026
Updated on Fri Mar 27 15:25:07 UTC 2026
Updated on Sat Mar 28 04:31:20 UTC 2026
Updated on Sat Mar 28 06:33:50 UTC 2026
Updated on Sat Mar 28 09:01:20 UTC 2026
Updated on Sat Mar 28 11:50:46 UTC 2026
Updated on Sat Mar 28 14:57:35 UTC 2026
Updated on Sun Mar 29 04:58:15 UTC 2026
Updated on Sun Mar 29 06:41:24 UTC 2026
Updated on Sun Mar 29 09:01:51 UTC 2026
Updated on Sun Mar 29 11:51:30 UTC 2026
Updated on Sun Mar 29 14:59:31 UTC 2026
Updated on Mon Mar 30 05:10:30 UTC 2026
Updated on Mon Mar 30 07:06:46 UTC 2026
Updated on Mon Mar 30 09:51:43 UTC 2026
Updated on Mon Mar 30 12:08:55 UTC 2026
Updated on Mon Mar 30 15:49:49 UTC 2026
Updated on Tue Mar 31 04:57:46 UTC 2026
Updated on Tue Mar 31 06:49:38 UTC 2026
Updated on Tue Mar 31 09:36:51 UTC 2026
Updated on Tue Mar 31 12:06:29 UTC 2026
Updated on Tue Mar 31 15:45:06 UTC 2026
Updated on Wed Apr  1 05:10:33 UTC 2026
Updated on Wed Apr  1 06:59:09 UTC 2026
Updated on Wed Apr  1 09:40:59 UTC 2026
Updated on Wed Apr  1 12:06:36 UTC 2026
Updated on Wed Apr  1 15:52:24 UTC 2026
Updated on Thu Apr  2 04:39:59 UTC 2026
Updated on Thu Apr  2 06:48:28 UTC 2026
Updated on Thu Apr  2 09:32:21 UTC 2026
Updated on Thu Apr  2 12:06:03 UTC 2026
Updated on Thu Apr  2 15:34:15 UTC 2026
Updated on Fri Apr  3 04:41:03 UTC 2026
Updated on Fri Apr  3 06:45:40 UTC 2026
Updated on Fri Apr  3 09:12:33 UTC 2026
Updated on Fri Apr  3 12:00:02 UTC 2026
Updated on Fri Apr  3 15:08:05 UTC 2026
Updated on Sat Apr  4 04:28:40 UTC 2026
Updated on Sat Apr  4 06:35:29 UTC 2026
Updated on Sat Apr  4 09:03:09 UTC 2026
Updated on Sat Apr  4 11:51:31 UTC 2026
Updated on Sat Apr  4 14:58:35 UTC 2026
Updated on Sun Apr  5 04:59:38 UTC 2026
Updated on Sun Apr  5 06:42:33 UTC 2026
Updated on Sun Apr  5 09:03:34 UTC 2026
Updated on Sun Apr  5 11:52:35 UTC 2026
Updated on Sun Apr  5 15:00:46 UTC 2026
Updated on Mon Apr  6 05:10:00 UTC 2026
Updated on Mon Apr  6 07:08:32 UTC 2026
Updated on Mon Apr  6 09:44:57 UTC 2026
Updated on Mon Apr  6 12:04:22 UTC 2026
Updated on Mon Apr  6 15:11:00 UTC 2026
Updated on Tue Apr  7 04:57:24 UTC 2026
Updated on Tue Apr  7 06:52:05 UTC 2026
Updated on Tue Apr  7 09:40:06 UTC 2026
Updated on Tue Apr  7 12:07:10 UTC 2026
Updated on Tue Apr  7 15:54:12 UTC 2026
Updated on Wed Apr  8 04:59:10 UTC 2026
Updated on Wed Apr  8 06:54:08 UTC 2026
Updated on Wed Apr  8 09:40:53 UTC 2026
Updated on Wed Apr  8 12:06:58 UTC 2026
Updated on Wed Apr  8 15:56:02 UTC 2026
Updated on Thu Apr  9 04:56:08 UTC 2026
Updated on Thu Apr  9 06:55:40 UTC 2026
Updated on Thu Apr  9 09:44:32 UTC 2026
Updated on Thu Apr  9 12:08:17 UTC 2026
Updated on Thu Apr  9 16:00:09 UTC 2026
Updated on Fri Apr 10 05:11:27 UTC 2026
Updated on Fri Apr 10 07:06:18 UTC 2026
Updated on Fri Apr 10 09:42:39 UTC 2026
Updated on Fri Apr 10 12:05:26 UTC 2026
Updated on Fri Apr 10 15:12:35 UTC 2026
Updated on Sat Apr 11 04:32:12 UTC 2026
Updated on Sat Apr 11 06:37:34 UTC 2026
Updated on Sat Apr 11 09:05:13 UTC 2026
Updated on Sat Apr 11 11:53:41 UTC 2026
Updated on Sat Apr 11 15:01:40 UTC 2026
Updated on Sun Apr 12 05:10:12 UTC 2026
Updated on Sun Apr 12 06:52:54 UTC 2026
Updated on Sun Apr 12 09:08:33 UTC 2026
Updated on Sun Apr 12 11:56:10 UTC 2026
Updated on Sun Apr 12 15:04:34 UTC 2026
Updated on Mon Apr 13 05:26:24 UTC 2026
Updated on Mon Apr 13 07:26:34 UTC 2026
Updated on Mon Apr 13 10:09:51 UTC 2026
Updated on Mon Apr 13 12:41:18 UTC 2026
Updated on Mon Apr 13 15:55:12 UTC 2026
Updated on Tue Apr 14 05:09:28 UTC 2026
Updated on Tue Apr 14 07:07:03 UTC 2026
Updated on Tue Apr 14 09:52:56 UTC 2026
Updated on Tue Apr 14 12:12:18 UTC 2026
Updated on Tue Apr 14 15:48:49 UTC 2026
Updated on Wed Apr 15 05:10:20 UTC 2026
Updated on Wed Apr 15 07:08:24 UTC 2026
Updated on Wed Apr 15 09:53:52 UTC 2026
Updated on Wed Apr 15 12:10:20 UTC 2026
Updated on Wed Apr 15 15:46:05 UTC 2026
Updated on Thu Apr 16 05:15:39 UTC 2026
Updated on Thu Apr 16 07:09:29 UTC 2026
Updated on Thu Apr 16 09:52:38 UTC 2026
Updated on Thu Apr 16 12:42:08 UTC 2026
Updated on Thu Apr 16 16:04:20 UTC 2026
Updated on Fri Apr 17 05:14:36 UTC 2026
Updated on Fri Apr 17 07:09:32 UTC 2026
Updated on Fri Apr 17 09:51:15 UTC 2026
Updated on Fri Apr 17 12:09:06 UTC 2026
Updated on Fri Apr 17 15:35:52 UTC 2026
Updated on Sat Apr 18 04:54:11 UTC 2026
Updated on Sat Apr 18 06:46:05 UTC 2026
Updated on Sat Apr 18 09:08:24 UTC 2026
Updated on Sat Apr 18 11:57:19 UTC 2026
Updated on Sat Apr 18 15:05:16 UTC 2026
Updated on Sun Apr 19 05:14:41 UTC 2026
Updated on Sun Apr 19 06:57:01 UTC 2026
Updated on Sun Apr 19 09:10:31 UTC 2026
Updated on Sun Apr 19 11:57:54 UTC 2026
Updated on Sun Apr 19 15:05:35 UTC 2026
Updated on Mon Apr 20 05:25:11 UTC 2026
Updated on Mon Apr 20 07:27:38 UTC 2026
Updated on Mon Apr 20 10:12:05 UTC 2026
Updated on Mon Apr 20 12:45:54 UTC 2026
Updated on Mon Apr 20 15:52:08 UTC 2026
Updated on Tue Apr 21 05:13:05 UTC 2026
Updated on Tue Apr 21 07:11:15 UTC 2026
Updated on Tue Apr 21 09:55:53 UTC 2026
Updated on Tue Apr 21 12:13:11 UTC 2026
Updated on Tue Apr 21 15:51:09 UTC 2026
Updated on Wed Apr 22 05:11:33 UTC 2026
Updated on Wed Apr 22 07:11:15 UTC 2026
Updated on Wed Apr 22 09:57:11 UTC 2026
Updated on Wed Apr 22 12:12:44 UTC 2026
Updated on Wed Apr 22 15:49:32 UTC 2026
Updated on Thu Apr 23 05:14:57 UTC 2026
Updated on Thu Apr 23 07:13:30 UTC 2026
Updated on Thu Apr 23 10:00:42 UTC 2026
Updated on Thu Apr 23 12:37:52 UTC 2026
Updated on Thu Apr 23 16:16:00 UTC 2026
Updated on Fri Apr 24 05:20:08 UTC 2026
Updated on Fri Apr 24 07:17:10 UTC 2026
Updated on Fri Apr 24 09:58:35 UTC 2026
Updated on Fri Apr 24 12:12:29 UTC 2026
Updated on Fri Apr 24 15:45:35 UTC 2026
Updated on Sat Apr 25 04:58:41 UTC 2026
Updated on Sat Apr 25 06:50:17 UTC 2026
Updated on Sat Apr 25 09:14:06 UTC 2026
Updated on Sat Apr 25 12:01:27 UTC 2026
Updated on Sat Apr 25 15:07:22 UTC 2026
Updated on Sun Apr 26 05:23:53 UTC 2026
Updated on Sun Apr 26 07:10:00 UTC 2026
Updated on Sun Apr 26 09:27:31 UTC 2026
Updated on Sun Apr 26 12:03:26 UTC 2026
Updated on Sun Apr 26 15:07:57 UTC 2026
Updated on Mon Apr 27 05:38:09 UTC 2026
Updated on Mon Apr 27 07:53:36 UTC 2026
Updated on Mon Apr 27 10:28:55 UTC 2026
Updated on Mon Apr 27 13:03:18 UTC 2026
Updated on Mon Apr 27 16:06:51 UTC 2026
Updated on Tue Apr 28 05:43:16 UTC 2026
Updated on Tue Apr 28 07:53:20 UTC 2026
Updated on Tue Apr 28 10:27:37 UTC 2026
Updated on Tue Apr 28 13:11:53 UTC 2026
Updated on Tue Apr 28 16:22:17 UTC 2026
Updated on Wed Apr 29 05:38:39 UTC 2026
Updated on Wed Apr 29 07:38:08 UTC 2026
Updated on Wed Apr 29 10:20:50 UTC 2026
Updated on Wed Apr 29 13:07:05 UTC 2026
Updated on Wed Apr 29 16:12:34 UTC 2026
Updated on Thu Apr 30 05:42:54 UTC 2026
Updated on Thu Apr 30 07:41:49 UTC 2026
Updated on Thu Apr 30 10:21:03 UTC 2026
Updated on Thu Apr 30 13:05:39 UTC 2026
Updated on Thu Apr 30 15:59:53 UTC 2026
Updated on Fri May  1 05:52:50 UTC 2026
Updated on Fri May  1 07:41:08 UTC 2026
Updated on Fri May  1 09:59:44 UTC 2026
Updated on Fri May  1 12:11:56 UTC 2026
Updated on Fri May  1 15:32:05 UTC 2026
Updated on Sat May  2 05:22:17 UTC 2026
Updated on Sat May  2 07:11:24 UTC 2026
Updated on Sat May  2 09:36:46 UTC 2026
Updated on Sat May  2 12:06:26 UTC 2026
Updated on Sat May  2 15:10:39 UTC 2026
Updated on Sun May  3 05:42:19 UTC 2026
Updated on Sun May  3 07:29:22 UTC 2026
Updated on Sun May  3 09:42:56 UTC 2026
Updated on Sun May  3 12:05:29 UTC 2026
Updated on Sun May  3 15:10:02 UTC 2026
Updated on Mon May  4 05:47:59 UTC 2026
Updated on Mon May  4 08:05:18 UTC 2026
Updated on Mon May  4 10:28:46 UTC 2026
Updated on Mon May  4 13:07:00 UTC 2026
Updated on Mon May  4 16:17:07 UTC 2026
Updated on Tue May  5 05:27:02 UTC 2026
Updated on Tue May  5 07:31:24 UTC 2026
Updated on Tue May  5 10:14:33 UTC 2026
Updated on Tue May  5 12:46:11 UTC 2026
Updated on Wed May  6 05:42:01 UTC 2026
Updated on Wed May  6 07:54:29 UTC 2026
Updated on Wed May  6 10:29:47 UTC 2026
Updated on Wed May  6 13:12:21 UTC 2026
Updated on Wed May  6 16:13:55 UTC 2026
Updated on Thu May  7 05:44:58 UTC 2026
Updated on Thu May  7 08:02:58 UTC 2026
Updated on Thu May  7 10:37:25 UTC 2026
Updated on Thu May  7 13:14:26 UTC 2026
Updated on Thu May  7 16:21:14 UTC 2026
Updated on Fri May  8 05:14:56 UTC 2026
Updated on Fri May  8 07:05:44 UTC 2026
Updated on Fri May  8 09:59:28 UTC 2026
Updated on Fri May  8 12:52:05 UTC 2026
Updated on Fri May  8 15:58:25 UTC 2026
Updated on Sat May  9 05:33:49 UTC 2026
Updated on Sat May  9 07:24:25 UTC 2026
Updated on Sat May  9 09:49:38 UTC 2026
Updated on Sat May  9 12:08:59 UTC 2026
Updated on Sat May  9 15:29:05 UTC 2026
Updated on Sun May 10 05:48:18 UTC 2026
Updated on Sun May 10 07:39:06 UTC 2026
Updated on Sun May 10 09:50:48 UTC 2026
Updated on Sun May 10 12:08:51 UTC 2026
Updated on Sun May 10 15:30:11 UTC 2026
Updated on Mon May 11 06:12:03 UTC 2026
Updated on Mon May 11 08:41:44 UTC 2026
Updated on Mon May 11 11:39:24 UTC 2026
Updated on Mon May 11 14:02:21 UTC 2026
Updated on Mon May 11 17:08:05 UTC 2026
Updated on Tue May 12 05:50:53 UTC 2026
Updated on Tue May 12 08:08:34 UTC 2026
Updated on Tue May 12 10:44:27 UTC 2026
Updated on Tue May 12 13:19:49 UTC 2026
Updated on Tue May 12 16:36:31 UTC 2026
Updated on Wed May 13 06:01:26 UTC 2026
Updated on Wed May 13 08:15:35 UTC 2026
Updated on Wed May 13 11:01:50 UTC 2026
Updated on Wed May 13 13:35:09 UTC 2026
Updated on Wed May 13 16:38:41 UTC 2026
Updated on Thu May 14 06:01:04 UTC 2026
Updated on Thu May 14 08:08:06 UTC 2026
Updated on Thu May 14 10:38:46 UTC 2026
Updated on Thu May 14 13:14:34 UTC 2026
Updated on Thu May 14 16:25:53 UTC 2026
Updated on Fri May 15 06:07:51 UTC 2026
Updated on Fri May 15 08:21:49 UTC 2026
Updated on Fri May 15 10:41:33 UTC 2026
Updated on Fri May 15 13:13:00 UTC 2026
Updated on Fri May 15 16:18:38 UTC 2026
Updated on Sat May 16 05:38:45 UTC 2026
Updated on Sat May 16 07:30:16 UTC 2026
Updated on Sat May 16 09:53:26 UTC 2026
Updated on Sat May 16 12:12:20 UTC 2026
Updated on Sat May 16 15:33:22 UTC 2026
Updated on Sun May 17 05:59:44 UTC 2026
Updated on Sun May 17 07:55:42 UTC 2026
Updated on Sun May 17 10:02:07 UTC 2026
Updated on Sun May 17 12:10:24 UTC 2026
Updated on Sun May 17 15:36:02 UTC 2026
Updated on Mon May 18 06:36:37 UTC 2026
Updated on Mon May 18 08:56:27 UTC 2026
Updated on Mon May 18 11:56:39 UTC 2026
Updated on Mon May 18 14:41:35 UTC 2026
Updated on Mon May 18 17:15:59 UTC 2026
Updated on Tue May 19 06:31:50 UTC 2026
Updated on Tue May 19 08:42:43 UTC 2026
Updated on Tue May 19 11:35:31 UTC 2026
Updated on Tue May 19 14:08:48 UTC 2026
Updated on Tue May 19 17:24:32 UTC 2026
Updated on Wed May 20 06:31:35 UTC 2026
Updated on Wed May 20 08:39:58 UTC 2026
Updated on Wed May 20 11:23:36 UTC 2026
Updated on Wed May 20 14:04:09 UTC 2026
Updated on Wed May 20 17:38:45 UTC 2026
Updated on Thu May 21 06:33:22 UTC 2026
Updated on Thu May 21 08:45:19 UTC 2026
Updated on Thu May 21 11:40:42 UTC 2026
Updated on Thu May 21 14:20:12 UTC 2026
Updated on Thu May 21 17:12:45 UTC 2026
Updated on Fri May 22 06:30:20 UTC 2026
Updated on Fri May 22 08:36:00 UTC 2026
Updated on Fri May 22 11:21:16 UTC 2026
Updated on Fri May 22 13:42:57 UTC 2026
Updated on Fri May 22 16:40:01 UTC 2026
Updated on Sat May 23 05:51:22 UTC 2026
Updated on Sat May 23 07:53:57 UTC 2026
Updated on Sat May 23 10:09:18 UTC 2026
Updated on Sat May 23 12:11:37 UTC 2026
Updated on Sat May 23 15:40:45 UTC 2026
Updated on Sun May 24 06:20:55 UTC 2026
Updated on Sun May 24 08:03:09 UTC 2026
Updated on Sun May 24 10:14:43 UTC 2026
Updated on Sun May 24 12:40:19 UTC 2026
Updated on Sun May 24 15:42:22 UTC 2026
Updated on Mon May 25 06:51:22 UTC 2026
Updated on Mon May 25 09:10:52 UTC 2026
Updated on Mon May 25 12:01:13 UTC 2026
Updated on Mon May 25 14:19:53 UTC 2026
Updated on Mon May 25 16:37:25 UTC 2026
Updated on Tue May 26 06:30:05 UTC 2026
Updated on Tue May 26 08:48:56 UTC 2026
Updated on Tue May 26 14:12:51 UTC 2026
Updated on Tue May 26 17:41:45 UTC 2026
Updated on Wed May 27 06:44:35 UTC 2026
Updated on Wed May 27 08:51:35 UTC 2026
Updated on Wed May 27 14:37:46 UTC 2026
Updated on Wed May 27 17:40:26 UTC 2026
Updated on Thu May 28 06:36:06 UTC 2026
Updated on Thu May 28 08:58:48 UTC 2026
Updated on Thu May 28 11:53:52 UTC 2026
Updated on Thu May 28 14:49:54 UTC 2026
Updated on Thu May 28 17:48:08 UTC 2026
Updated on Fri May 29 06:36:41 UTC 2026
Updated on Fri May 29 08:55:08 UTC 2026
Updated on Fri May 29 11:42:58 UTC 2026
Updated on Fri May 29 14:18:11 UTC 2026
Updated on Fri May 29 17:48:43 UTC 2026
Updated on Sat May 30 05:59:36 UTC 2026
Updated on Sat May 30 08:02:05 UTC 2026
Updated on Sat May 30 10:19:52 UTC 2026
Updated on Sat May 30 12:45:44 UTC 2026
Updated on Sat May 30 15:45:29 UTC 2026
Updated on Sun May 31 06:39:12 UTC 2026
Updated on Sun May 31 08:26:01 UTC 2026
Updated on Sun May 31 10:27:40 UTC 2026
Updated on Sun May 31 12:56:29 UTC 2026
Updated on Sun May 31 15:48:05 UTC 2026
Updated on Mon Jun  1 07:28:08 UTC 2026
Updated on Mon Jun  1 10:37:56 UTC 2026
Updated on Mon Jun  1 14:28:48 UTC 2026
Updated on Mon Jun  1 17:00:54 UTC 2026
Updated on Mon Jun  1 19:27:28 UTC 2026
Updated on Tue Jun  2 07:06:55 UTC 2026
Updated on Tue Jun  2 09:48:47 UTC 2026
Updated on Tue Jun  2 12:22:14 UTC 2026
Updated on Tue Jun  2 15:40:23 UTC 2026
Updated on Tue Jun  2 18:12:57 UTC 2026
Updated on Wed Jun  3 07:21:12 UTC 2026
Updated on Wed Jun  3 10:19:28 UTC 2026
Updated on Wed Jun  3 12:52:29 UTC 2026
Updated on Wed Jun  3 15:59:39 UTC 2026
Updated on Wed Jun  3 18:33:53 UTC 2026
Updated on Thu Jun  4 07:03:32 UTC 2026
Updated on Thu Jun  4 09:11:15 UTC 2026
Updated on Thu Jun  4 11:27:30 UTC 2026
Updated on Thu Jun  4 14:12:44 UTC 2026
Updated on Thu Jun  4 17:27:36 UTC 2026
Updated on Fri Jun  5 06:47:56 UTC 2026
Updated on Fri Jun  5 08:55:08 UTC 2026
Updated on Fri Jun  5 11:39:14 UTC 2026
Updated on Fri Jun  5 14:05:36 UTC 2026
Updated on Fri Jun  5 16:58:38 UTC 2026
Updated on Sat Jun  6 06:06:49 UTC 2026
Updated on Sat Jun  6 08:05:47 UTC 2026
Updated on Sat Jun  6 10:27:39 UTC 2026
Updated on Sat Jun  6 12:50:17 UTC 2026
Updated on Sat Jun  6 15:49:33 UTC 2026
Updated on Sun Jun  7 06:47:08 UTC 2026
Updated on Sun Jun  7 08:34:51 UTC 2026
Updated on Sun Jun  7 10:38:39 UTC 2026
Updated on Sun Jun  7 13:01:57 UTC 2026
Updated on Sun Jun  7 15:50:25 UTC 2026
Updated on Mon Jun  8 07:12:19 UTC 2026
Updated on Mon Jun  8 10:04:22 UTC 2026
Updated on Mon Jun  8 12:43:31 UTC 2026
Updated on Mon Jun  8 14:55:24 UTC 2026
Updated on Mon Jun  8 17:34:01 UTC 2026
Updated on Tue Jun  9 06:31:09 UTC 2026
Updated on Tue Jun  9 08:45:56 UTC 2026
Updated on Tue Jun  9 11:34:41 UTC 2026
Updated on Tue Jun  9 13:58:36 UTC 2026
Updated on Tue Jun  9 17:07:29 UTC 2026
Updated on Wed Jun 10 06:48:08 UTC 2026
Updated on Wed Jun 10 09:03:51 UTC 2026
Updated on Wed Jun 10 11:49:58 UTC 2026
Updated on Wed Jun 10 14:35:41 UTC 2026
Updated on Wed Jun 10 17:41:09 UTC 2026
Updated on Thu Jun 11 07:12:56 UTC 2026
Updated on Thu Jun 11 09:50:10 UTC 2026
Updated on Thu Jun 11 12:25:00 UTC 2026
Updated on Thu Jun 11 15:02:38 UTC 2026
Updated on Thu Jun 11 17:49:50 UTC 2026
Updated on Fri Jun 12 07:03:03 UTC 2026
Updated on Fri Jun 12 09:42:31 UTC 2026
Updated on Fri Jun 12 11:56:17 UTC 2026
Updated on Fri Jun 12 14:18:57 UTC 2026
Updated on Fri Jun 12 17:20:55 UTC 2026
Updated on Sat Jun 13 06:36:24 UTC 2026
Updated on Sat Jun 13 08:36:40 UTC 2026
Updated on Sat Jun 13 10:41:31 UTC 2026
Updated on Sat Jun 13 13:04:27 UTC 2026
Updated on Sat Jun 13 15:56:46 UTC 2026
Updated on Sun Jun 14 07:05:25 UTC 2026
Updated on Sun Jun 14 08:53:13 UTC 2026
Updated on Sun Jun 14 11:10:21 UTC 2026
Updated on Sun Jun 14 13:12:54 UTC 2026
Updated on Sun Jun 14 16:04:50 UTC 2026
Updated on Mon Jun 15 08:34:56 UTC 2026
Updated on Mon Jun 15 11:29:10 UTC 2026
Updated on Mon Jun 15 14:40:11 UTC 2026
Updated on Mon Jun 15 16:25:13 UTC 2026
Updated on Mon Jun 15 18:49:05 UTC 2026
Updated on Tue Jun 16 08:25:21 UTC 2026
Updated on Tue Jun 16 10:24:40 UTC 2026
Updated on Tue Jun 16 13:08:16 UTC 2026
Updated on Tue Jun 16 16:09:16 UTC 2026
Updated on Tue Jun 16 18:41:55 UTC 2026
Updated on Wed Jun 17 07:31:46 UTC 2026
Updated on Wed Jun 17 10:14:07 UTC 2026
Updated on Wed Jun 17 12:32:24 UTC 2026
Updated on Wed Jun 17 14:35:48 UTC 2026
Updated on Wed Jun 17 17:28:09 UTC 2026
Updated on Thu Jun 18 07:15:02 UTC 2026
Updated on Thu Jun 18 09:53:49 UTC 2026
Updated on Thu Jun 18 12:02:17 UTC 2026
Updated on Thu Jun 18 14:27:52 UTC 2026
Updated on Thu Jun 18 17:40:34 UTC 2026
Updated on Fri Jun 19 07:37:44 UTC 2026
Updated on Fri Jun 19 09:59:28 UTC 2026
Updated on Fri Jun 19 12:28:16 UTC 2026
Updated on Fri Jun 19 14:24:41 UTC 2026
Updated on Fri Jun 19 16:57:00 UTC 2026
Updated on Sat Jun 20 06:45:12 UTC 2026
Updated on Sat Jun 20 08:32:02 UTC 2026
Updated on Sat Jun 20 10:43:40 UTC 2026
Updated on Sat Jun 20 13:04:21 UTC 2026
Updated on Sat Jun 20 15:57:27 UTC 2026
Updated on Sun Jun 21 07:14:55 UTC 2026
Updated on Sun Jun 21 09:07:44 UTC 2026
Updated on Sun Jun 21 11:26:53 UTC 2026
Updated on Sun Jun 21 13:21:07 UTC 2026
Updated on Sun Jun 21 16:14:15 UTC 2026
Updated on Mon Jun 22 08:36:41 UTC 2026
Updated on Mon Jun 22 11:13:42 UTC 2026
Updated on Mon Jun 22 14:09:13 UTC 2026
Updated on Mon Jun 22 16:09:34 UTC 2026
Updated on Mon Jun 22 18:31:00 UTC 2026
Updated on Tue Jun 23 06:31:09 UTC 2026
Updated on Tue Jun 23 08:42:48 UTC 2026
Updated on Tue Jun 23 11:34:46 UTC 2026
Updated on Tue Jun 23 13:58:02 UTC 2026
Updated on Tue Jun 23 16:59:41 UTC 2026
Updated on Wed Jun 24 06:28:02 UTC 2026
Updated on Wed Jun 24 08:38:49 UTC 2026
Updated on Wed Jun 24 11:20:43 UTC 2026
Updated on Wed Jun 24 13:34:53 UTC 2026
Updated on Wed Jun 24 16:37:05 UTC 2026
Updated on Thu Jun 25 06:31:02 UTC 2026
Updated on Thu Jun 25 08:34:44 UTC 2026
Updated on Thu Jun 25 11:10:36 UTC 2026
Updated on Thu Jun 25 13:35:37 UTC 2026
Updated on Thu Jun 25 16:39:50 UTC 2026
Updated on Fri Jun 26 06:34:11 UTC 2026
Updated on Fri Jun 26 08:38:07 UTC 2026
Updated on Fri Jun 26 11:19:35 UTC 2026
Updated on Fri Jun 26 13:28:25 UTC 2026
Updated on Fri Jun 26 16:31:08 UTC 2026
Updated on Sat Jun 27 06:07:03 UTC 2026
Updated on Sat Jun 27 08:09:12 UTC 2026
Updated on Sat Jun 27 10:30:09 UTC 2026
Updated on Sat Jun 27 12:51:29 UTC 2026
Updated on Sat Jun 27 15:47:44 UTC 2026
Updated on Sun Jun 28 06:42:19 UTC 2026
Updated on Sun Jun 28 08:32:07 UTC 2026
Updated on Sun Jun 28 10:37:28 UTC 2026
Updated on Sun Jun 28 12:54:41 UTC 2026
Updated on Sun Jun 28 15:48:11 UTC 2026
Updated on Mon Jun 29 07:11:36 UTC 2026
Updated on Mon Jun 29 10:08:12 UTC 2026
Updated on Mon Jun 29 12:43:35 UTC 2026
Updated on Mon Jun 29 14:57:13 UTC 2026
Updated on Mon Jun 29 17:15:42 UTC 2026
Updated on Tue Jun 30 06:37:26 UTC 2026
Updated on Tue Jun 30 08:41:32 UTC 2026
Updated on Tue Jun 30 11:24:06 UTC 2026
Updated on Tue Jun 30 13:21:12 UTC 2026
Updated on Tue Jun 30 16:35:46 UTC 2026
Updated on Wed Jul  1 06:50:24 UTC 2026
Updated on Wed Jul  1 08:57:57 UTC 2026
Updated on Wed Jul  1 11:35:39 UTC 2026
Updated on Wed Jul  1 13:51:00 UTC 2026
Updated on Wed Jul  1 16:54:36 UTC 2026
Updated on Thu Jul  2 06:21:35 UTC 2026
Updated on Thu Jul  2 08:28:15 UTC 2026
Updated on Thu Jul  2 11:03:38 UTC 2026
Updated on Thu Jul  2 13:15:47 UTC 2026
Updated on Thu Jul  2 16:18:44 UTC 2026
Updated on Fri Jul  3 06:07:41 UTC 2026
Updated on Fri Jul  3 08:34:50 UTC 2026
Updated on Fri Jul  3 11:05:40 UTC 2026
Updated on Fri Jul  3 13:19:13 UTC 2026
Updated on Fri Jul  3 16:05:36 UTC 2026
Updated on Sat Jul  4 05:58:04 UTC 2026
Updated on Sat Jul  4 08:10:16 UTC 2026
Updated on Sat Jul  4 10:29:42 UTC 2026
Updated on Sat Jul  4 12:43:51 UTC 2026
Updated on Sat Jul  4 15:40:45 UTC 2026
Updated on Sun Jul  5 06:23:11 UTC 2026
Updated on Sun Jul  5 08:25:21 UTC 2026
Updated on Sun Jul  5 10:33:02 UTC 2026
Updated on Sun Jul  5 12:47:34 UTC 2026
Updated on Sun Jul  5 15:45:34 UTC 2026
Updated on Mon Jul  6 06:50:44 UTC 2026
Updated on Mon Jul  6 09:35:00 UTC 2026
Updated on Mon Jul  6 12:16:42 UTC 2026
Updated on Mon Jul  6 14:41:42 UTC 2026
Updated on Mon Jul  6 17:19:38 UTC 2026
Updated on Tue Jul  7 06:28:14 UTC 2026
Updated on Tue Jul  7 08:48:45 UTC 2026
Updated on Tue Jul  7 11:20:56 UTC 2026
Updated on Tue Jul  7 13:33:20 UTC 2026
Updated on Tue Jul  7 16:54:53 UTC 2026
Updated on Wed Jul  8 05:35:18 UTC 2026
Updated on Wed Jul  8 07:53:47 UTC 2026
Updated on Wed Jul  8 10:32:26 UTC 2026
Updated on Wed Jul  8 13:02:40 UTC 2026
Updated on Wed Jul  8 16:13:33 UTC 2026
Updated on Thu Jul  9 06:25:49 UTC 2026
Updated on Thu Jul  9 08:50:37 UTC 2026
Updated on Thu Jul  9 11:22:18 UTC 2026
Updated on Thu Jul  9 14:04:21 UTC 2026
Updated on Thu Jul  9 17:00:35 UTC 2026
Updated on Fri Jul 10 06:24:44 UTC 2026
Updated on Fri Jul 10 08:47:46 UTC 2026
Updated on Fri Jul 10 11:21:42 UTC 2026
Updated on Fri Jul 10 13:26:43 UTC 2026
Updated on Fri Jul 10 16:36:11 UTC 2026
Updated on Sat Jul 11 05:25:09 UTC 2026
Updated on Sat Jul 11 07:24:24 UTC 2026
Updated on Sat Jul 11 09:53:44 UTC 2026
Updated on Sat Jul 11 12:12:35 UTC 2026
Updated on Sat Jul 11 15:29:59 UTC 2026
Updated on Sun Jul 12 05:41:02 UTC 2026
Updated on Sun Jul 12 07:40:38 UTC 2026
Updated on Sun Jul 12 10:04:11 UTC 2026
Updated on Sun Jul 12 12:12:15 UTC 2026
Updated on Sun Jul 12 15:32:08 UTC 2026
Updated on Mon Jul 13 05:51:29 UTC 2026
Updated on Mon Jul 13 08:32:12 UTC 2026
Updated on Mon Jul 13 11:33:49 UTC 2026
Updated on Mon Jul 13 13:33:08 UTC 2026
Updated on Mon Jul 13 16:55:01 UTC 2026
Updated on Tue Jul 14 05:12:43 UTC 2026
Updated on Tue Jul 14 07:25:04 UTC 2026
Updated on Tue Jul 14 10:13:20 UTC 2026
Updated on Tue Jul 14 12:47:09 UTC 2026
Updated on Tue Jul 14 15:55:52 UTC 2026
Updated on Wed Jul 15 05:13:36 UTC 2026
Updated on Wed Jul 15 07:28:38 UTC 2026
Updated on Wed Jul 15 10:17:54 UTC 2026
Updated on Wed Jul 15 12:51:15 UTC 2026
Updated on Wed Jul 15 16:00:24 UTC 2026
Updated on Thu Jul 16 05:24:02 UTC 2026
Updated on Thu Jul 16 07:35:22 UTC 2026
Updated on Thu Jul 16 10:23:06 UTC 2026
Updated on Thu Jul 16 12:58:48 UTC 2026
Updated on Thu Jul 16 15:54:49 UTC 2026
Updated on Fri Jul 17 05:25:35 UTC 2026
Updated on Fri Jul 17 07:33:00 UTC 2026
Updated on Fri Jul 17 10:14:31 UTC 2026
Updated on Fri Jul 17 12:42:05 UTC 2026
Updated on Fri Jul 17 15:54:29 UTC 2026
Updated on Sat Jul 18 05:07:39 UTC 2026
Updated on Sat Jul 18 07:13:27 UTC 2026
Updated on Sat Jul 18 09:51:23 UTC 2026
Updated on Sat Jul 18 12:11:48 UTC 2026
Updated on Sat Jul 18 15:28:41 UTC 2026
Updated on Sun Jul 19 05:35:37 UTC 2026
Updated on Sun Jul 19 07:39:10 UTC 2026
Updated on Sun Jul 19 10:03:13 UTC 2026
Updated on Sun Jul 19 12:12:05 UTC 2026
Updated on Sun Jul 19 15:29:33 UTC 2026
Updated on Mon Jul 20 05:52:32 UTC 2026
Updated on Mon Jul 20 08:24:15 UTC 2026
Updated on Mon Jul 20 11:17:50 UTC 2026
Updated on Mon Jul 20 13:25:14 UTC 2026
Updated on Mon Jul 20 16:07:31 UTC 2026
Updated on Tue Jul 21 05:34:34 UTC 2026
Updated on Tue Jul 21 07:54:01 UTC 2026
Updated on Tue Jul 21 10:35:50 UTC 2026
Updated on Tue Jul 21 12:52:34 UTC 2026
Updated on Tue Jul 21 16:00:33 UTC 2026
Updated on Wed Jul 22 05:33:07 UTC 2026
Updated on Wed Jul 22 07:54:17 UTC 2026
Updated on Wed Jul 22 10:35:58 UTC 2026
Updated on Wed Jul 22 12:56:48 UTC 2026
Updated on Wed Jul 22 15:57:54 UTC 2026
Updated on Thu Jul 23 05:37:57 UTC 2026
